====================================================================
build status=0 (should be 0)
build time 0:19 (19 s)
   start time=Mon Dec 22 17:13:51 MST 2014
   stop time=Mon Dec 22 17:14:10 MST 2014
====================================================================
build status=0 (should be 0)
build time 69:44 (4184 s)
   start time=Mon Dec 22 17:15:45 MST 2014
   stop time=Mon Dec 22 18:25:29 MST 2014
====================================================================
build status=unfinished (should be 0)
build time 120:00+ (7200+ s)
   start time=Mon Dec 22 23:00:00 MST 2014
   stop time=Tue Dec 23 01:00:00 MST 2014
====================================================================
build status=2 (should be 0)
build time 0:12 (12 s)
   start time=Tue Dec 23 01:20:44 MST 2014
   stop time=Tue Dec 23 01:20:56 MST 2014
====================================================================
build status=2 (should be 0)
build time 0:09 (9 s)
   start time=Tue Dec 23 01:25:07 MST 2014
   stop time=Tue Dec 23 01:25:16 MST 2014
====================================================================
build status=2 (should be 0)
build time 0:07 (7 s)
   start time=Tue Dec 23 01:27:11 MST 2014
   stop time=Tue Dec 23 01:27:18 MST 2014
====================================================================
build status=2 (should be 0)
build time 0:05 (5 s)
   start time=Tue Dec 23 01:29:12 MST 2014
   stop time=Tue Dec 23 01:29:17 MST 2014
====================================================================
build status=0 (should be 0)
build time 43:10 (2590 s)
   start time=Tue Dec 23 02:07:12 MST 2014
   stop time=Tue Dec 23 02:50:22 MST 2014
====================================================================
build status=0 (should be 0)
build time 77:22 (4642 s)
   start time=Tue Dec 30 16:10:41 MST 2014
   stop time=Tue Dec 30 17:28:03 MST 2014
====================================================================
build status=2 (should be 0)
build time 0:07 (7 s)
   start time=Tue Dec 30 17:32:09 MST 2014
   stop time=Tue Dec 30 17:32:16 MST 2014
====================================================================
build status=2 (should be 0)
build time 0:06 (6 s)
   start time=Tue Dec 30 17:33:24 MST 2014
   stop time=Tue Dec 30 17:33:30 MST 2014
====================================================================
build status=0 (should be 0)
build time 3:18 (198 s)
   start time=Tue Dec 30 17:35:22 MST 2014
   stop time=Tue Dec 30 17:38:40 MST 2014
====================================================================
build status=2 (should be 0)
build time 0:53 (53 s)
   start time=Fri Jan 2 18:14:54 MST 2015
   stop time=Fri Jan 2 18:15:47 MST 2015
====================================================================
build status=0 (should be 0)
build time 6:18 (378 s)
   start time=Fri Jan 2 18:16:12 MST 2015
   stop time=Fri Jan 2 18:22:30 MST 2015
====================================================================
build status=0 (should be 0)
build time 1:09 (69 s)
   start time=Sat Jan 3 14:23:54 MST 2015
   stop time=Sat Jan 3 14:25:03 MST 2015
====================================================================
build status=0 (should be 0)
build time 0:48 (48 s)
   start time=Sat Jan 3 16:30:12 MST 2015
   stop time=Sat Jan 3 16:31:00 MST 2015
====================================================================
build status=0 (should be 0)
build time 0:36 (36 s)
   start time=Sat Jan 3 16:34:22 MST 2015
   stop time=Sat Jan 3 16:34:58 MST 2015
====================================================================
build status=0 (should be 0)
build time 3:55 (235 s)
   start time=Sat Jan 3 16:40:33 MST 2015
   stop time=Sat Jan 3 16:44:28 MST 2015
====================================================================
build status=0 (should be 0)
build time 0:28 (28 s)
   start time=Sat Jan 3 16:55:05 MST 2015
   stop time=Sat Jan 3 16:55:33 MST 2015
====================================================================
build status=0 (should be 0)
build time 2:48 (168 s)
   start time=Sat Jan 3 16:59:17 MST 2015
   stop time=Sat Jan 3 17:02:05 MST 2015
====================================================================
build status=0 (should be 0)
build time 2:50 (170 s)
   start time=Sat Jan 3 17:11:10 MST 2015
   stop time=Sat Jan 3 17:14:00 MST 2015
====================================================================
build status=0 (should be 0)
build time 2:54 (174 s)
   start time=Sat Jan 3 17:28:11 MST 2015
   stop time=Sat Jan 3 17:31:05 MST 2015
====================================================================
build status=0 (should be 0)
build time 0:19 (19 s)
   start time=Sat Jan 3 18:28:03 MST 2015
   stop time=Sat Jan 3 18:28:22 MST 2015
====================================================================
build status=0 (should be 0)
build time 3:05 (185 s)
   start time=Sat Jan 3 18:39:28 MST 2015
   stop time=Sat Jan 3 18:42:33 MST 2015
====================================================================
build status=2 (should be 0)
build time 0:13 (13 s)
   start time=Sat Jan 3 20:01:32 MST 2015
   stop time=Sat Jan 3 20:01:45 MST 2015
====================================================================
build status=2 (should be 0)
build time 0:12 (12 s)
   start time=Sat Jan 3 20:30:53 MST 2015
   stop time=Sat Jan 3 20:31:05 MST 2015
====================================================================
build status=2 (should be 0)
build time 0:11 (11 s)
   start time=Sat Jan 3 20:45:55 MST 2015
   stop time=Sat Jan 3 20:46:06 MST 2015
====================================================================
build status=0 (should be 0)
build time 6:49 (409 s)
   start time=Sat Jan 3 20:54:05 MST 2015
   stop time=Sat Jan 3 21:00:54 MST 2015
====================================================================
build status=0 (should be 0)
build time 0:56 (56 s)
   start time=Sat Jan 3 21:11:43 MST 2015
   stop time=Sat Jan 3 21:12:39 MST 2015
====================================================================
build status=0 (should be 0)
build time 2:58 (178 s)
   start time=Sun Jan 4 01:11:45 MST 2015
   stop time=Sun Jan 4 01:14:43 MST 2015
====================================================================
build status=0 (should be 0)
build time 7:12 (432 s)
   start time=Mon Jan 5 11:16:54 MST 2015
   stop time=Mon Jan 5 11:24:06 MST 2015
====================================================================
build status=0 (should be 0)
build time 76:12 (4572 s)
   start time=Mon Jan 5 13:18:36 MST 2015
   stop time=Mon Jan 5 14:34:48 MST 2015
====================================================================
build status=0 (should be 0)
build time 1:01 (61 s)
   start time=Mon Jan 5 15:00:00 MST 2015
   stop time=Mon Jan 5 15:01:01 MST 2015
====================================================================
build status=0 (should be 0)
build time 88:19 (5299 s)
   start time=Mon Jan 5 16:27:49 MST 2015
   stop time=Mon Jan 5 17:56:08 MST 2015
====================================================================
build status=0 (should be 0)
build time 77:09 (4629 s)
   start time=Tue Jan 6 00:57:22 MST 2015
   stop time=Tue Jan 6 02:14:31 MST 2015
====================================================================
build status=2 (should be 0)
build time 0:07 (7 s)
   start time=Tue Jan 6 02:14:38 MST 2015
   stop time=Tue Jan 6 02:14:45 MST 2015
====================================================================
build status=0 (should be 0)
build time 87:42 (5262 s)
   start time=Tue Jan 6 18:29:36 MST 2015
   stop time=Tue Jan 6 19:57:18 MST 2015
====================================================================
build status=2 (should be 0)
build time 0:55 (55 s)
   start time=Wed Jan 14 15:32:14 MST 2015
   stop time=Wed Jan 14 15:33:09 MST 2015
====================================================================
build status=2 (should be 0)
build time 65:06 (3906 s)
   start time=Wed Jan 14 15:34:32 MST 2015
   stop time=Wed Jan 14 16:39:38 MST 2015
====================================================================
build status=2 (should be 0)
build time 0:35 (35 s)
   start time=Wed Jan 14 17:07:20 MST 2015
   stop time=Wed Jan 14 17:07:55 MST 2015
====================================================================
build status=2 (should be 0)
build time 1:50 (110 s)
   start time=Wed Jan 14 17:26:02 MST 2015
   stop time=Wed Jan 14 17:27:52 MST 2015
====================================================================
build status=2 (should be 0)
build time 0:16 (16 s)
   start time=Wed Jan 14 17:55:54 MST 2015
   stop time=Wed Jan 14 17:56:10 MST 2015
====================================================================
build status=2 (should be 0)
build time 0:55 (55 s)
   start time=Wed Jan 14 17:56:28 MST 2015
   stop time=Wed Jan 14 17:57:23 MST 2015
====================================================================
build status=2 (should be 0)
build time 0:55 (55 s)
   start time=Wed Jan 14 17:58:50 MST 2015
   stop time=Wed Jan 14 17:59:45 MST 2015
====================================================================
build status=2 (should be 0)
build time 0:56 (56 s)
   start time=Wed Jan 14 18:08:24 MST 2015
   stop time=Wed Jan 14 18:09:20 MST 2015
====================================================================
build status=2 (should be 0)
build time 1:35 (95 s)
   start time=Mon Jan 19 16:40:16 MST 2015
   stop time=Mon Jan 19 16:41:51 MST 2015
====================================================================
build status=2 (should be 0)
build time 0:10 (10 s)
   start time=Tue Jan 20 00:21:31 MST 2015
   stop time=Tue Jan 20 00:21:41 MST 2015
====================================================================
build status=2 (should be 0)
build time 0:11 (11 s)
   start time=Tue Jan 20 00:23:26 MST 2015
   stop time=Tue Jan 20 00:23:37 MST 2015
====================================================================
build status=2 (should be 0)
build time 0:15 (15 s)
   start time=Tue Jan 20 00:23:56 MST 2015
   stop time=Tue Jan 20 00:24:11 MST 2015
====================================================================
build status=2 (should be 0)
build time 0:56 (56 s)
   start time=Tue Jan 20 00:25:37 MST 2015
   stop time=Tue Jan 20 00:26:33 MST 2015
====================================================================
build status=2 (should be 0)
build time 1:03 (63 s)
   start time=Thu Jan 22 15:29:05 MST 2015
   stop time=Thu Jan 22 15:30:08 MST 2015
====================================================================
build status=2 (should be 0)
build time 0:22 (22 s)
   start time=Thu Jan 22 18:17:01 MST 2015
   stop time=Thu Jan 22 18:17:23 MST 2015
====================================================================
build status=0 (should be 0)
build time 76:52 (4612 s)
   start time=Thu Jan 22 18:18:00 MST 2015
   stop time=Thu Jan 22 19:34:52 MST 2015
====================================================================
build status=0 (should be 0)
build time 58:02 (3482 s)
   start time=Fri Jan 23 11:50:34 MST 2015
   stop time=Fri Jan 23 12:48:36 MST 2015
====================================================================
build status=0 (should be 0)
build time 64:02 (3842 s)
   start time=Fri Jan 23 13:30:46 MST 2015
   stop time=Fri Jan 23 14:34:48 MST 2015
====================================================================
build status=2 (should be 0)
build time 0:36 (36 s)
   start time=Sat Jan 24 21:16:50 MST 2015
   stop time=Sat Jan 24 21:17:26 MST 2015
====================================================================
build status=2 (should be 0)
build time 0:23 (23 s)
   start time=Sat Jan 24 21:17:53 MST 2015
   stop time=Sat Jan 24 21:18:16 MST 2015
====================================================================
build status=0 (should be 0)
build time 2:12 (132 s)
   start time=Sat Jan 24 21:18:53 MST 2015
   stop time=Sat Jan 24 21:21:05 MST 2015
====================================================================
build status=0 (should be 0)
build time 1:12 (72 s)
   start time=Sat Jan 24 21:44:44 MST 2015
   stop time=Sat Jan 24 21:45:56 MST 2015
====================================================================
build status=0 (should be 0)
build time 1:02 (62 s)
   start time=Sat Jan 24 22:29:02 MST 2015
   stop time=Sat Jan 24 22:30:04 MST 2015
====================================================================
build status=2 (should be 0)
build time 0:16 (16 s)
   start time=Sat Jan 24 23:07:29 MST 2015
   stop time=Sat Jan 24 23:07:45 MST 2015
====================================================================
build status=2 (should be 0)
build time 0:16 (16 s)
   start time=Sat Jan 24 23:08:10 MST 2015
   stop time=Sat Jan 24 23:08:26 MST 2015
====================================================================
build status=0 (should be 0)
build time 1:00 (60 s)
   start time=Sat Jan 24 23:08:45 MST 2015
   stop time=Sat Jan 24 23:09:45 MST 2015
====================================================================
build status=0 (should be 0)
build time 1:04 (64 s)
   start time=Sat Jan 24 23:44:19 MST 2015
   stop time=Sat Jan 24 23:45:23 MST 2015
====================================================================
build status=0 (should be 0)
build time 1:04 (64 s)
   start time=Sat Jan 24 23:55:45 MST 2015
   stop time=Sat Jan 24 23:56:49 MST 2015
====================================================================
build status=0 (should be 0)
build time 0:14 (14 s)
   start time=Sun Jan 25 00:21:29 MST 2015
   stop time=Sun Jan 25 00:21:43 MST 2015
====================================================================
build status=0 (should be 0)
build time 1:01 (61 s)
   start time=Sun Jan 25 00:31:01 MST 2015
   stop time=Sun Jan 25 00:32:02 MST 2015
====================================================================
build status=2 (should be 0)
build time 0:17 (17 s)
   start time=Sun Jan 25 00:36:15 MST 2015
   stop time=Sun Jan 25 00:36:32 MST 2015
====================================================================
build status=0 (should be 0)
build time 1:04 (64 s)
   start time=Sun Jan 25 00:36:55 MST 2015
   stop time=Sun Jan 25 00:37:59 MST 2015
====================================================================
build status=2 (should be 0)
build time 0:17 (17 s)
   start time=Sun Jan 25 01:01:27 MST 2015
   stop time=Sun Jan 25 01:01:44 MST 2015
====================================================================
build status=0 (should be 0)
build time 1:00 (60 s)
   start time=Sun Jan 25 01:03:12 MST 2015
   stop time=Sun Jan 25 01:04:12 MST 2015
====================================================================
build status=0 (should be 0)
build time 1:00 (60 s)
   start time=Sun Jan 25 01:04:22 MST 2015
   stop time=Sun Jan 25 01:05:22 MST 2015
====================================================================
build status=0 (should be 0)
build time 1:01 (61 s)
   start time=Sun Jan 25 01:05:42 MST 2015
   stop time=Sun Jan 25 01:06:43 MST 2015
====================================================================
build status=2 (should be 0)
build time 0:15 (15 s)
   start time=Sun Jan 25 01:42:47 MST 2015
   stop time=Sun Jan 25 01:43:02 MST 2015
====================================================================
build status=0 (should be 0)
build time 1:02 (62 s)
   start time=Sun Jan 25 01:43:14 MST 2015
   stop time=Sun Jan 25 01:44:16 MST 2015
====================================================================
build status=0 (should be 0)
build time 1:01 (61 s)
   start time=Sun Jan 25 01:45:00 MST 2015
   stop time=Sun Jan 25 01:46:01 MST 2015
====================================================================
build status=2 (should be 0)
build time 0:16 (16 s)
   start time=Sun Jan 25 02:52:28 MST 2015
   stop time=Sun Jan 25 02:52:44 MST 2015
====================================================================
build status=2 (should be 0)
build time 0:16 (16 s)
   start time=Sun Jan 25 02:53:14 MST 2015
   stop time=Sun Jan 25 02:53:30 MST 2015
====================================================================
build status=2 (should be 0)
build time 0:16 (16 s)
   start time=Sun Jan 25 02:55:43 MST 2015
   stop time=Sun Jan 25 02:55:59 MST 2015
====================================================================
build status=2 (should be 0)
build time 0:16 (16 s)
   start time=Sun Jan 25 02:57:22 MST 2015
   stop time=Sun Jan 25 02:57:38 MST 2015
====================================================================
build status=2 (should be 0)
build time 0:16 (16 s)
   start time=Sun Jan 25 03:00:36 MST 2015
   stop time=Sun Jan 25 03:00:52 MST 2015
====================================================================
build status=2 (should be 0)
build time 0:29 (29 s)
   start time=Sun Jan 25 03:03:00 MST 2015
   stop time=Sun Jan 25 03:03:29 MST 2015
====================================================================
build status=0 (should be 0)
build time 1:42 (102 s)
   start time=Sun Jan 25 03:05:02 MST 2015
   stop time=Sun Jan 25 03:06:44 MST 2015
====================================================================
build status=0 (should be 0)
build time 1:04 (64 s)
   start time=Sun Jan 25 03:17:23 MST 2015
   stop time=Sun Jan 25 03:18:27 MST 2015
====================================================================
build status=2 (should be 0)
build time 0:17 (17 s)
   start time=Sun Jan 25 03:19:15 MST 2015
   stop time=Sun Jan 25 03:19:32 MST 2015
====================================================================
build status=0 (should be 0)
build time 1:05 (65 s)
   start time=Sun Jan 25 03:27:49 MST 2015
   stop time=Sun Jan 25 03:28:54 MST 2015
====================================================================
build status=2 (should be 0)
build time 0:15 (15 s)
   start time=Sun Jan 25 03:51:03 MST 2015
   stop time=Sun Jan 25 03:51:18 MST 2015
====================================================================
build status=2 (should be 0)
build time 0:25 (25 s)
   start time=Sun Jan 25 03:52:27 MST 2015
   stop time=Sun Jan 25 03:52:52 MST 2015
====================================================================
build status=2 (should be 0)
build time 0:30 (30 s)
   start time=Sun Jan 25 03:53:34 MST 2015
   stop time=Sun Jan 25 03:54:04 MST 2015
====================================================================
build status=2 (should be 0)
build time 0:15 (15 s)
   start time=Sun Jan 25 03:59:34 MST 2015
   stop time=Sun Jan 25 03:59:49 MST 2015
====================================================================
build status=2 (should be 0)
build time 0:15 (15 s)
   start time=Sun Jan 25 04:00:54 MST 2015
   stop time=Sun Jan 25 04:01:09 MST 2015
====================================================================
build status=0 (should be 0)
build time 1:43 (103 s)
   start time=Sun Jan 25 04:02:04 MST 2015
   stop time=Sun Jan 25 04:03:47 MST 2015
====================================================================
build status=0 (should be 0)
build time 1:04 (64 s)
   start time=Sun Jan 25 04:08:02 MST 2015
   stop time=Sun Jan 25 04:09:06 MST 2015
====================================================================
build status=0 (should be 0)
build time 1:02 (62 s)
   start time=Sun Jan 25 04:12:23 MST 2015
   stop time=Sun Jan 25 04:13:25 MST 2015
====================================================================
build status=2 (should be 0)
build time 65:04 (3904 s)
   start time=Tue Jan 27 03:26:33 MST 2015
   stop time=Tue Jan 27 04:31:37 MST 2015
====================================================================
build status=2 (should be 0)
build time 0:43 (43 s)
   start time=Tue Jan 27 12:57:01 MST 2015
   stop time=Tue Jan 27 12:57:44 MST 2015
====================================================================
build status=2 (should be 0)
build time 64:42 (3882 s)
   start time=Tue Jan 27 13:54:54 MST 2015
   stop time=Tue Jan 27 14:59:36 MST 2015
====================================================================
build status=2 (should be 0)
build time 64:41 (3881 s)
   start time=Tue Jan 27 17:05:34 MST 2015
   stop time=Tue Jan 27 18:10:15 MST 2015
====================================================================
build status=2 (should be 0)
build time 1:36 (96 s)
   start time=Wed Jan 28 14:08:25 MST 2015
   stop time=Wed Jan 28 14:10:01 MST 2015
====================================================================
build status=2 (should be 0)
build time 4:58 (298 s)
   start time=Wed Jan 28 15:29:10 MST 2015
   stop time=Wed Jan 28 15:34:08 MST 2015
====================================================================
build status=2 (should be 0)
build time 0:39 (39 s)
   start time=Thu Jan 29 01:09:17 MST 2015
   stop time=Thu Jan 29 01:09:56 MST 2015
====================================================================
build status=2 (should be 0)
build time 0:03 (3 s)
   start time=Thu Jan 29 16:33:50 MST 2015
   stop time=Thu Jan 29 16:33:53 MST 2015
====================================================================
build status=2 (should be 0)
build time 0:03 (3 s)
   start time=Thu Jan 29 16:36:46 MST 2015
   stop time=Thu Jan 29 16:36:49 MST 2015
====================================================================
build status=0 (should be 0)
build time 71:48 (4308 s)
   start time=Thu Jan 29 16:40:45 MST 2015
   stop time=Thu Jan 29 17:52:33 MST 2015
====================================================================
build status=0 (should be 0)
build time 7:40 (460 s)
   start time=Thu Jan 29 18:14:27 MST 2015
   stop time=Thu Jan 29 18:22:07 MST 2015
====================================================================
build status=0 (should be 0)
build time 105:13 (6313 s)
   start time=Thu Jan 29 18:33:21 MST 2015
   stop time=Thu Jan 29 20:18:34 MST 2015
====================================================================
build status=0 (should be 0)
build time 14:02 (842 s)
   start time=Fri Jan 30 12:48:47 MST 2015
   stop time=Fri Jan 30 13:02:49 MST 2015
====================================================================
build status=0 (should be 0)
build time 6:46 (406 s)
   start time=Fri Jan 30 14:23:48 MST 2015
   stop time=Fri Jan 30 14:30:34 MST 2015
====================================================================
build status=0 (should be 0)
build time 7:17 (437 s)
   start time=Fri Jan 30 19:46:20 MST 2015
   stop time=Fri Jan 30 19:53:37 MST 2015
====================================================================
build status=0 (should be 0)
build time 106:33 (6393 s)
   start time=Fri Jan 30 22:47:54 MST 2015
   stop time=Sat Jan 31 00:34:27 MST 2015
====================================================================
build status=0 (should be 0)
build time 6:36 (396 s)
   start time=Sat Jan 31 19:33:20 MST 2015
   stop time=Sat Jan 31 19:39:56 MST 2015
====================================================================
build status=0 (should be 0)
build time 5:18 (318 s)
   start time=Sat Jan 31 19:53:16 MST 2015
   stop time=Sat Jan 31 19:58:34 MST 2015
====================================================================
build status=2 (should be 0)
build time 0:49 (49 s)
   start time=Sat Jan 31 20:17:53 MST 2015
   stop time=Sat Jan 31 20:18:42 MST 2015
====================================================================
build status=0 (should be 0)
build time 4:27 (267 s)
   start time=Sat Jan 31 20:19:34 MST 2015
   stop time=Sat Jan 31 20:24:01 MST 2015
====================================================================
build status=2 (should be 0)
build time 0:02 (2 s)
   start time=Sat Jan 31 21:20:31 MST 2015
   stop time=Sat Jan 31 21:20:33 MST 2015
====================================================================
build status=0 (should be 0)
build time 0:14 (14 s)
   start time=Sat Jan 31 21:21:15 MST 2015
   stop time=Sat Jan 31 21:21:29 MST 2015
====================================================================
build status=0 (should be 0)
build time 5:13 (313 s)
   start time=Sat Jan 31 21:29:52 MST 2015
   stop time=Sat Jan 31 21:35:05 MST 2015
====================================================================
build status=0 (should be 0)
build time 5:44 (344 s)
   start time=Sun Feb 1 00:38:43 MST 2015
   stop time=Sun Feb 1 00:44:27 MST 2015
====================================================================
build status=0 (should be 0)
build time 12:36 (756 s)
   start time=Sun Feb 1 01:14:16 MST 2015
   stop time=Sun Feb 1 01:26:52 MST 2015
====================================================================
build status=0 (should be 0)
build time 3:26 (206 s)
   start time=Sun Feb 1 01:34:59 MST 2015
   stop time=Sun Feb 1 01:38:25 MST 2015
