====================================================================
build status=0 (should be 0)
build time 0:19 (19 s)
   start time=Mon Dec 22 17:13:51 MST 2014
   stop time=Mon Dec 22 17:14:10 MST 2014
====================================================================
build status=0 (should be 0)
build time 69:44 (4184 s)
   start time=Mon Dec 22 17:15:45 MST 2014
   stop time=Mon Dec 22 18:25:29 MST 2014
====================================================================
build status=unfinished (should be 0)
build time 120:00+ (7200+ s)
   start time=Mon Dec 22 23:00:00 MST 2014
   stop time=Tue Dec 23 01:00:00 MST 2014
====================================================================
build status=2 (should be 0)
build time 0:12 (12 s)
   start time=Tue Dec 23 01:20:44 MST 2014
   stop time=Tue Dec 23 01:20:56 MST 2014
